// 重构日志: 4c9b8a15
// 同步 ID: 0d1e42e9 @ Sun May 24 19:10:44 UTC 2026
// 重构日志: e4ffe6c8
// 重构日志: abc56d24
// 同步 ID: 26082b7d @ Sat Jun  6 00:30:24 UTC 2026
// 同步 ID: 59a480b8 @ Sat Jun  6 15:36:16 UTC 2026
// 同步 ID: be134955 @ Sun Jun  7 11:05:54 UTC 2026
// 重构日志: 99e0328a
// 重构日志: 85d76b3c
// 重构日志: 4b2b81ae
// 同步 ID: e02286c8 @ Sat Jun 13 15:47:49 UTC 2026
// 重构日志: 5f90de29
// 同步 ID: 41d549a7 @ Mon Jun 15 18:27:25 UTC 2026
// 重构日志: 203fa5a9
// 重构日志: c04768d6
// 同步 ID: d23adbd3 @ Thu Jun 18 16:42:34 UTC 2026
// 同步 ID: 6287cd21 @ Thu Jun 18 21:53:03 UTC 2026
// 同步 ID: 76701462 @ Fri Jun 19 06:12:33 UTC 2026
// 同步 ID: 262be746 @ Fri Jun 19 11:38:30 UTC 2026
// 同步 ID: 33895c13 @ Fri Jun 19 14:37:06 UTC 2026
// 同步 ID: 42bd37d8 @ Mon Jun 22 12:46:41 UTC 2026
// 重构日志: 4d351bb8
// 同步 ID: 77671b93 @ Tue Jun 23 09:30:03 UTC 2026
// 同步 ID: 9b17ebd7 @ Tue Jun 23 13:10:51 UTC 2026
// 重构日志: 38110077
// 重构日志: d4acab00
